2021-02-17 22:13:38.915 [restartedMain] INFO  com.yu.BlogApplication - Starting BlogApplication using Java 1.8.0_202 on LAPTOP-203CHE85 with PID 7860 (C:\Users\jianghong1972\Desktop\BLOG\blog\target\classes started by jianghong1972 in C:\Users\jianghong1972\Desktop\BLOG\blog)
2021-02-17 22:13:38.934 [restartedMain] INFO  com.yu.BlogApplication - The following profiles are active: dev
2021-02-17 22:13:38.989 [restartedMain] INFO  o.s.b.d.env.DevToolsPropertyDefaultsPostProcessor - Devtools property defaults active! Set 'spring.devtools.add-properties' to 'false' to disable
2021-02-17 22:13:38.989 [restartedMain] INFO  o.s.b.d.env.DevToolsPropertyDefaultsPostProcessor - For additional web related logging consider setting the 'logging.level.web' property to 'DEBUG'
2021-02-17 22:13:40.199 [restartedMain] INFO  o.s.d.r.config.RepositoryConfigurationDelegate - Bootstrapping Spring Data JPA repositories in DEFAULT mode.
2021-02-17 22:13:40.257 [restartedMain] INFO  o.s.d.r.config.RepositoryConfigurationDelegate - Finished Spring Data repository scanning in 28 ms. Found 0 JPA repository interfaces.
2021-02-17 22:13:41.867 [restartedMain] INFO  o.s.boot.web.embedded.tomcat.TomcatWebServer - Tomcat initialized with port(s): 8088 (http)
2021-02-17 22:13:41.880 [restartedMain] INFO  org.apache.coyote.http11.Http11NioProtocol - Initializing ProtocolHandler ["http-nio-8088"]
2021-02-17 22:13:41.881 [restartedMain] INFO  org.apache.catalina.core.StandardService - Starting service [Tomcat]
2021-02-17 22:13:41.882 [restartedMain] INFO  org.apache.catalina.core.StandardEngine - Starting Servlet engine: [Apache Tomcat/9.0.41]
2021-02-17 22:13:42.045 [restartedMain] INFO  o.a.c.core.ContainerBase.[Tomcat].[localhost].[/] - Initializing Spring embedded WebApplicationContext
2021-02-17 22:13:42.045 [restartedMain] INFO  o.s.b.w.s.c.ServletWebServerApplicationContext - Root WebApplicationContext: initialization completed in 3054 ms
2021-02-17 22:13:42.374 [restartedMain] INFO  org.hibernate.jpa.internal.util.LogHelper - HHH000204: Processing PersistenceUnitInfo [name: default]
2021-02-17 22:13:42.440 [restartedMain] INFO  org.hibernate.Version - HHH000412: Hibernate ORM core version 5.4.27.Final
2021-02-17 22:13:42.600 [restartedMain] INFO  org.hibernate.annotations.common.Version - HCANN000001: Hibernate Commons Annotations {5.1.2.Final}
2021-02-17 22:13:42.735 [restartedMain] INFO  com.zaxxer.hikari.HikariDataSource - HikariPool-1 - Starting...
2021-02-17 22:13:42.882 [restartedMain] INFO  com.zaxxer.hikari.HikariDataSource - HikariPool-1 - Start completed.
2021-02-17 22:13:42.903 [restartedMain] INFO  org.hibernate.dialect.Dialect - HHH000400: Using dialect: org.hibernate.dialect.MySQL55Dialect
2021-02-17 22:13:43.207 [restartedMain] INFO  o.h.e.t.jta.platform.internal.JtaPlatformInitiator - HHH000490: Using JtaPlatform implementation: [org.hibernate.engine.transaction.jta.platform.internal.NoJtaPlatform]
2021-02-17 22:13:43.219 [restartedMain] INFO  o.s.orm.jpa.LocalContainerEntityManagerFactoryBean - Initialized JPA EntityManagerFactory for persistence unit 'default'
2021-02-17 22:13:43.326 [restartedMain] INFO  o.s.b.d.autoconfigure.OptionalLiveReloadServer - LiveReload server is running on port 35729
2021-02-17 22:13:43.744 [restartedMain] INFO  o.s.scheduling.concurrent.ThreadPoolTaskExecutor - Initializing ExecutorService 'applicationTaskExecutor'
2021-02-17 22:13:43.876 [restartedMain] INFO  o.s.b.a.web.servlet.WelcomePageHandlerMapping - Adding welcome page template: index
2021-02-17 22:13:44.265 [restartedMain] INFO  org.apache.coyote.http11.Http11NioProtocol - Starting ProtocolHandler ["http-nio-8088"]
2021-02-17 22:13:44.325 [restartedMain] INFO  o.s.boot.web.embedded.tomcat.TomcatWebServer - Tomcat started on port(s): 8088 (http) with context path ''
2021-02-17 22:13:44.345 [restartedMain] INFO  com.yu.BlogApplication - Started BlogApplication in 6.163 seconds (JVM running for 9.554)
2021-02-17 22:13:59.160 [restartedMain] INFO  com.yu.BlogApplication - Starting BlogApplication using Java 1.8.0_202 on LAPTOP-203CHE85 with PID 21436 (C:\Users\jianghong1972\Desktop\BLOG\blog\target\classes started by jianghong1972 in C:\Users\jianghong1972\Desktop\BLOG\blog)
2021-02-17 22:13:59.181 [restartedMain] INFO  com.yu.BlogApplication - The following profiles are active: dev
2021-02-17 22:13:59.252 [restartedMain] INFO  o.s.b.d.env.DevToolsPropertyDefaultsPostProcessor - Devtools property defaults active! Set 'spring.devtools.add-properties' to 'false' to disable
2021-02-17 22:13:59.253 [restartedMain] INFO  o.s.b.d.env.DevToolsPropertyDefaultsPostProcessor - For additional web related logging consider setting the 'logging.level.web' property to 'DEBUG'
2021-02-17 22:14:01.252 [restartedMain] INFO  o.s.d.r.config.RepositoryConfigurationDelegate - Bootstrapping Spring Data JPA repositories in DEFAULT mode.
2021-02-17 22:14:01.279 [restartedMain] INFO  o.s.d.r.config.RepositoryConfigurationDelegate - Finished Spring Data repository scanning in 14 ms. Found 0 JPA repository interfaces.
2021-02-17 22:14:03.127 [restartedMain] INFO  o.s.boot.web.embedded.tomcat.TomcatWebServer - Tomcat initialized with port(s): 8088 (http)
2021-02-17 22:14:03.162 [restartedMain] INFO  org.apache.coyote.http11.Http11NioProtocol - Initializing ProtocolHandler ["http-nio-8088"]
2021-02-17 22:14:03.165 [restartedMain] INFO  org.apache.catalina.core.StandardService - Starting service [Tomcat]
2021-02-17 22:14:03.166 [restartedMain] INFO  org.apache.catalina.core.StandardEngine - Starting Servlet engine: [Apache Tomcat/9.0.41]
2021-02-17 22:14:03.677 [restartedMain] INFO  o.a.c.core.ContainerBase.[Tomcat].[localhost].[/] - Initializing Spring embedded WebApplicationContext
2021-02-17 22:14:03.678 [restartedMain] INFO  o.s.b.w.s.c.ServletWebServerApplicationContext - Root WebApplicationContext: initialization completed in 4424 ms
2021-02-17 22:14:04.416 [restartedMain] INFO  org.hibernate.jpa.internal.util.LogHelper - HHH000204: Processing PersistenceUnitInfo [name: default]
2021-02-17 22:14:04.540 [restartedMain] INFO  org.hibernate.Version - HHH000412: Hibernate ORM core version 5.4.27.Final
2021-02-17 22:14:04.892 [restartedMain] INFO  org.hibernate.annotations.common.Version - HCANN000001: Hibernate Commons Annotations {5.1.2.Final}
2021-02-17 22:14:05.220 [restartedMain] INFO  com.zaxxer.hikari.HikariDataSource - HikariPool-1 - Starting...
2021-02-17 22:14:05.526 [restartedMain] INFO  com.zaxxer.hikari.HikariDataSource - HikariPool-1 - Start completed.
2021-02-17 22:14:05.570 [restartedMain] INFO  org.hibernate.dialect.Dialect - HHH000400: Using dialect: org.hibernate.dialect.MySQL55Dialect
2021-02-17 22:14:05.836 [restartedMain] INFO  o.h.e.t.jta.platform.internal.JtaPlatformInitiator - HHH000490: Using JtaPlatform implementation: [org.hibernate.engine.transaction.jta.platform.internal.NoJtaPlatform]
2021-02-17 22:14:05.849 [restartedMain] INFO  o.s.orm.jpa.LocalContainerEntityManagerFactoryBean - Initialized JPA EntityManagerFactory for persistence unit 'default'
2021-02-17 22:14:05.925 [restartedMain] INFO  o.s.b.d.autoconfigure.OptionalLiveReloadServer - LiveReload server is running on port 35729
2021-02-17 22:14:06.307 [restartedMain] INFO  o.s.scheduling.concurrent.ThreadPoolTaskExecutor - Initializing ExecutorService 'applicationTaskExecutor'
2021-02-17 22:14:06.431 [restartedMain] INFO  o.s.b.a.web.servlet.WelcomePageHandlerMapping - Adding welcome page template: index
2021-02-17 22:14:06.758 [restartedMain] INFO  org.apache.coyote.http11.Http11NioProtocol - Starting ProtocolHandler ["http-nio-8088"]
2021-02-17 22:14:06.778 [restartedMain] INFO  o.s.boot.web.embedded.tomcat.TomcatWebServer - Tomcat started on port(s): 8088 (http) with context path ''
2021-02-17 22:14:06.787 [restartedMain] INFO  com.yu.BlogApplication - Started BlogApplication in 8.452 seconds (JVM running for 11.117)
2021-02-17 22:14:31.152 [http-nio-8088-exec-1] INFO  o.a.c.core.ContainerBase.[Tomcat].[localhost].[/] - Initializing Spring DispatcherServlet 'dispatcherServlet'
2021-02-17 22:14:31.152 [http-nio-8088-exec-1] INFO  org.springframework.web.servlet.DispatcherServlet - Initializing Servlet 'dispatcherServlet'
2021-02-17 22:14:31.154 [http-nio-8088-exec-1] INFO  org.springframework.web.servlet.DispatcherServlet - Completed initialization in 1 ms
2021-02-17 22:14:31.295 [http-nio-8088-exec-1] INFO  com.yu.aspect.LogAspect - Request: LogAspect.RequestLog(url=http://localhost:8088/12/thisssss, ip=0:0:0:0:0:0:0:1, classMethod=com.yu.web.IndexController.index, args=[12, thisssss])
2021-02-17 22:14:31.314 [http-nio-8088-exec-1] INFO  com.yu.aspect.LogAspect - Result : index
2021-02-17 22:41:51.853 [restartedMain] INFO  com.yu.BlogApplication - Starting BlogApplication using Java 1.8.0_202 on LAPTOP-203CHE85 with PID 3416 (C:\Users\jianghong1972\Desktop\BLOG\blog\target\classes started by jianghong1972 in C:\Users\jianghong1972\Desktop\BLOG\blog)
2021-02-17 22:41:51.883 [restartedMain] INFO  com.yu.BlogApplication - The following profiles are active: dev
2021-02-17 22:41:52.034 [restartedMain] INFO  o.s.b.d.env.DevToolsPropertyDefaultsPostProcessor - Devtools property defaults active! Set 'spring.devtools.add-properties' to 'false' to disable
2021-02-17 22:41:52.035 [restartedMain] INFO  o.s.b.d.env.DevToolsPropertyDefaultsPostProcessor - For additional web related logging consider setting the 'logging.level.web' property to 'DEBUG'
2021-02-17 22:41:53.390 [restartedMain] INFO  o.s.d.r.config.RepositoryConfigurationDelegate - Bootstrapping Spring Data JPA repositories in DEFAULT mode.
2021-02-17 22:41:53.411 [restartedMain] INFO  o.s.d.r.config.RepositoryConfigurationDelegate - Finished Spring Data repository scanning in 10 ms. Found 0 JPA repository interfaces.
2021-02-17 22:41:54.308 [restartedMain] INFO  o.s.boot.web.embedded.tomcat.TomcatWebServer - Tomcat initialized with port(s): 8088 (http)
2021-02-17 22:41:54.318 [restartedMain] INFO  org.apache.coyote.http11.Http11NioProtocol - Initializing ProtocolHandler ["http-nio-8088"]
2021-02-17 22:41:54.318 [restartedMain] INFO  org.apache.catalina.core.StandardService - Starting service [Tomcat]
2021-02-17 22:41:54.319 [restartedMain] INFO  org.apache.catalina.core.StandardEngine - Starting Servlet engine: [Apache Tomcat/9.0.41]
2021-02-17 22:41:54.451 [restartedMain] INFO  o.a.c.core.ContainerBase.[Tomcat].[localhost].[/] - Initializing Spring embedded WebApplicationContext
2021-02-17 22:41:54.451 [restartedMain] INFO  o.s.b.w.s.c.ServletWebServerApplicationContext - Root WebApplicationContext: initialization completed in 2413 ms
2021-02-17 22:41:54.703 [restartedMain] INFO  org.hibernate.jpa.internal.util.LogHelper - HHH000204: Processing PersistenceUnitInfo [name: default]
2021-02-17 22:41:54.758 [restartedMain] INFO  org.hibernate.Version - HHH000412: Hibernate ORM core version 5.4.27.Final
2021-02-17 22:41:54.897 [restartedMain] INFO  org.hibernate.annotations.common.Version - HCANN000001: Hibernate Commons Annotations {5.1.2.Final}
2021-02-17 22:41:55.018 [restartedMain] INFO  com.zaxxer.hikari.HikariDataSource - HikariPool-1 - Starting...
2021-02-17 22:41:55.172 [restartedMain] INFO  com.zaxxer.hikari.HikariDataSource - HikariPool-1 - Start completed.
2021-02-17 22:41:55.202 [restartedMain] INFO  org.hibernate.dialect.Dialect - HHH000400: Using dialect: org.hibernate.dialect.MySQL55Dialect
2021-02-17 22:41:55.476 [restartedMain] INFO  o.h.e.t.jta.platform.internal.JtaPlatformInitiator - HHH000490: Using JtaPlatform implementation: [org.hibernate.engine.transaction.jta.platform.internal.NoJtaPlatform]
2021-02-17 22:41:55.490 [restartedMain] INFO  o.s.orm.jpa.LocalContainerEntityManagerFactoryBean - Initialized JPA EntityManagerFactory for persistence unit 'default'
2021-02-17 22:41:55.574 [restartedMain] INFO  o.s.b.d.autoconfigure.OptionalLiveReloadServer - LiveReload server is running on port 35729
2021-02-17 22:41:56.229 [restartedMain] INFO  o.s.scheduling.concurrent.ThreadPoolTaskExecutor - Initializing ExecutorService 'applicationTaskExecutor'
2021-02-17 22:41:56.395 [restartedMain] INFO  o.s.b.a.web.servlet.WelcomePageHandlerMapping - Adding welcome page template: index
2021-02-17 22:41:56.807 [restartedMain] INFO  org.apache.coyote.http11.Http11NioProtocol - Starting ProtocolHandler ["http-nio-8088"]
2021-02-17 22:41:56.836 [restartedMain] INFO  o.s.boot.web.embedded.tomcat.TomcatWebServer - Tomcat started on port(s): 8088 (http) with context path ''
2021-02-17 22:41:56.851 [restartedMain] INFO  com.yu.BlogApplication - Started BlogApplication in 5.908 seconds (JVM running for 8.162)
2021-02-17 22:42:16.410 [http-nio-8088-exec-1] INFO  o.a.c.core.ContainerBase.[Tomcat].[localhost].[/] - Initializing Spring DispatcherServlet 'dispatcherServlet'
2021-02-17 22:42:16.410 [http-nio-8088-exec-1] INFO  org.springframework.web.servlet.DispatcherServlet - Initializing Servlet 'dispatcherServlet'
2021-02-17 22:42:16.411 [http-nio-8088-exec-1] INFO  org.springframework.web.servlet.DispatcherServlet - Completed initialization in 0 ms
2021-02-17 22:52:15.288 [restartedMain] INFO  com.yu.BlogApplication - Starting BlogApplication using Java 1.8.0_202 on LAPTOP-203CHE85 with PID 9056 (C:\Users\jianghong1972\Desktop\BLOG\blog\target\classes started by jianghong1972 in C:\Users\jianghong1972\Desktop\BLOG\blog)
2021-02-17 22:52:15.316 [restartedMain] INFO  com.yu.BlogApplication - The following profiles are active: dev
2021-02-17 22:52:15.444 [restartedMain] INFO  o.s.b.d.env.DevToolsPropertyDefaultsPostProcessor - Devtools property defaults active! Set 'spring.devtools.add-properties' to 'false' to disable
2021-02-17 22:52:15.445 [restartedMain] INFO  o.s.b.d.env.DevToolsPropertyDefaultsPostProcessor - For additional web related logging consider setting the 'logging.level.web' property to 'DEBUG'
2021-02-17 22:52:16.646 [restartedMain] INFO  o.s.d.r.config.RepositoryConfigurationDelegate - Bootstrapping Spring Data JPA repositories in DEFAULT mode.
2021-02-17 22:52:16.679 [restartedMain] INFO  o.s.d.r.config.RepositoryConfigurationDelegate - Finished Spring Data repository scanning in 17 ms. Found 0 JPA repository interfaces.
2021-02-17 22:52:18.432 [restartedMain] INFO  o.s.boot.web.embedded.tomcat.TomcatWebServer - Tomcat initialized with port(s): 8088 (http)
2021-02-17 22:52:18.446 [restartedMain] INFO  org.apache.coyote.http11.Http11NioProtocol - Initializing ProtocolHandler ["http-nio-8088"]
2021-02-17 22:52:18.448 [restartedMain] INFO  org.apache.catalina.core.StandardService - Starting service [Tomcat]
2021-02-17 22:52:18.448 [restartedMain] INFO  org.apache.catalina.core.StandardEngine - Starting Servlet engine: [Apache Tomcat/9.0.41]
2021-02-17 22:52:18.644 [restartedMain] INFO  o.a.c.core.ContainerBase.[Tomcat].[localhost].[/] - Initializing Spring embedded WebApplicationContext
2021-02-17 22:52:18.644 [restartedMain] INFO  o.s.b.w.s.c.ServletWebServerApplicationContext - Root WebApplicationContext: initialization completed in 3196 ms
2021-02-17 22:52:19.032 [restartedMain] INFO  org.hibernate.jpa.internal.util.LogHelper - HHH000204: Processing PersistenceUnitInfo [name: default]
2021-02-17 22:52:19.108 [restartedMain] INFO  org.hibernate.Version - HHH000412: Hibernate ORM core version 5.4.27.Final
2021-02-17 22:52:19.344 [restartedMain] INFO  org.hibernate.annotations.common.Version - HCANN000001: Hibernate Commons Annotations {5.1.2.Final}
2021-02-17 22:52:19.577 [restartedMain] INFO  com.zaxxer.hikari.HikariDataSource - HikariPool-1 - Starting...
2021-02-17 22:52:19.803 [restartedMain] INFO  com.zaxxer.hikari.HikariDataSource - HikariPool-1 - Start completed.
2021-02-17 22:52:19.852 [restartedMain] INFO  org.hibernate.dialect.Dialect - HHH000400: Using dialect: org.hibernate.dialect.MySQL55Dialect
2021-02-17 22:52:20.382 [restartedMain] INFO  o.h.e.t.jta.platform.internal.JtaPlatformInitiator - HHH000490: Using JtaPlatform implementation: [org.hibernate.engine.transaction.jta.platform.internal.NoJtaPlatform]
2021-02-17 22:52:20.405 [restartedMain] INFO  o.s.orm.jpa.LocalContainerEntityManagerFactoryBean - Initialized JPA EntityManagerFactory for persistence unit 'default'
2021-02-17 22:52:20.555 [restartedMain] INFO  o.s.b.d.autoconfigure.OptionalLiveReloadServer - LiveReload server is running on port 35729
2021-02-17 22:52:21.242 [restartedMain] INFO  o.s.scheduling.concurrent.ThreadPoolTaskExecutor - Initializing ExecutorService 'applicationTaskExecutor'
2021-02-17 22:52:21.413 [restartedMain] INFO  o.s.b.a.web.servlet.WelcomePageHandlerMapping - Adding welcome page template: index
2021-02-17 22:52:21.863 [restartedMain] INFO  org.apache.coyote.http11.Http11NioProtocol - Starting ProtocolHandler ["http-nio-8088"]
2021-02-17 22:52:21.891 [restartedMain] INFO  o.s.boot.web.embedded.tomcat.TomcatWebServer - Tomcat started on port(s): 8088 (http) with context path ''
2021-02-17 22:52:21.905 [restartedMain] INFO  com.yu.BlogApplication - Started BlogApplication in 7.938 seconds (JVM running for 12.445)
2021-02-17 22:52:56.564 [http-nio-8088-exec-1] INFO  o.a.c.core.ContainerBase.[Tomcat].[localhost].[/] - Initializing Spring DispatcherServlet 'dispatcherServlet'
2021-02-17 22:52:56.564 [http-nio-8088-exec-1] INFO  org.springframework.web.servlet.DispatcherServlet - Initializing Servlet 'dispatcherServlet'
2021-02-17 22:52:56.566 [http-nio-8088-exec-1] INFO  org.springframework.web.servlet.DispatcherServlet - Completed initialization in 1 ms
2021-02-17 22:54:51.026 [restartedMain] INFO  com.yu.BlogApplication - Starting BlogApplication using Java 1.8.0_202 on LAPTOP-203CHE85 with PID 3724 (C:\Users\jianghong1972\Desktop\BLOG\blog\target\classes started by jianghong1972 in C:\Users\jianghong1972\Desktop\BLOG\blog)
2021-02-17 22:54:51.044 [restartedMain] INFO  com.yu.BlogApplication - The following profiles are active: dev
2021-02-17 22:54:51.112 [restartedMain] INFO  o.s.b.d.env.DevToolsPropertyDefaultsPostProcessor - Devtools property defaults active! Set 'spring.devtools.add-properties' to 'false' to disable
2021-02-17 22:54:51.112 [restartedMain] INFO  o.s.b.d.env.DevToolsPropertyDefaultsPostProcessor - For additional web related logging consider setting the 'logging.level.web' property to 'DEBUG'
2021-02-17 22:54:51.859 [restartedMain] INFO  o.s.d.r.config.RepositoryConfigurationDelegate - Bootstrapping Spring Data JPA repositories in DEFAULT mode.
2021-02-17 22:54:51.879 [restartedMain] INFO  o.s.d.r.config.RepositoryConfigurationDelegate - Finished Spring Data repository scanning in 10 ms. Found 0 JPA repository interfaces.
2021-02-17 22:54:52.784 [restartedMain] INFO  o.s.boot.web.embedded.tomcat.TomcatWebServer - Tomcat initialized with port(s): 8088 (http)
2021-02-17 22:54:52.793 [restartedMain] INFO  org.apache.coyote.http11.Http11NioProtocol - Initializing ProtocolHandler ["http-nio-8088"]
2021-02-17 22:54:52.794 [restartedMain] INFO  org.apache.catalina.core.StandardService - Starting service [Tomcat]
2021-02-17 22:54:52.795 [restartedMain] INFO  org.apache.catalina.core.StandardEngine - Starting Servlet engine: [Apache Tomcat/9.0.41]
2021-02-17 22:54:52.937 [restartedMain] INFO  o.a.c.core.ContainerBase.[Tomcat].[localhost].[/] - Initializing Spring embedded WebApplicationContext
2021-02-17 22:54:52.937 [restartedMain] INFO  o.s.b.w.s.c.ServletWebServerApplicationContext - Root WebApplicationContext: initialization completed in 1824 ms
2021-02-17 22:54:53.200 [restartedMain] INFO  org.hibernate.jpa.internal.util.LogHelper - HHH000204: Processing PersistenceUnitInfo [name: default]
2021-02-17 22:54:53.254 [restartedMain] INFO  org.hibernate.Version - HHH000412: Hibernate ORM core version 5.4.27.Final
2021-02-17 22:54:53.395 [restartedMain] INFO  org.hibernate.annotations.common.Version - HCANN000001: Hibernate Commons Annotations {5.1.2.Final}
2021-02-17 22:54:53.510 [restartedMain] INFO  com.zaxxer.hikari.HikariDataSource - HikariPool-1 - Starting...
2021-02-17 22:54:53.718 [restartedMain] INFO  com.zaxxer.hikari.HikariDataSource - HikariPool-1 - Start completed.
2021-02-17 22:54:53.751 [restartedMain] INFO  org.hibernate.dialect.Dialect - HHH000400: Using dialect: org.hibernate.dialect.MySQL55Dialect
2021-02-17 22:54:54.018 [restartedMain] INFO  o.h.e.t.jta.platform.internal.JtaPlatformInitiator - HHH000490: Using JtaPlatform implementation: [org.hibernate.engine.transaction.jta.platform.internal.NoJtaPlatform]
2021-02-17 22:54:54.030 [restartedMain] INFO  o.s.orm.jpa.LocalContainerEntityManagerFactoryBean - Initialized JPA EntityManagerFactory for persistence unit 'default'
2021-02-17 22:54:54.112 [restartedMain] INFO  o.s.b.d.autoconfigure.OptionalLiveReloadServer - LiveReload server is running on port 35729
2021-02-17 22:54:54.502 [restartedMain] INFO  o.s.scheduling.concurrent.ThreadPoolTaskExecutor - Initializing ExecutorService 'applicationTaskExecutor'
2021-02-17 22:54:54.616 [restartedMain] INFO  o.s.b.a.web.servlet.WelcomePageHandlerMapping - Adding welcome page template: index
2021-02-17 22:54:54.936 [restartedMain] INFO  org.apache.coyote.http11.Http11NioProtocol - Starting ProtocolHandler ["http-nio-8088"]
2021-02-17 22:54:54.956 [restartedMain] INFO  o.s.boot.web.embedded.tomcat.TomcatWebServer - Tomcat started on port(s): 8088 (http) with context path ''
2021-02-17 22:54:54.964 [restartedMain] INFO  com.yu.BlogApplication - Started BlogApplication in 4.636 seconds (JVM running for 7.861)
2021-02-17 22:55:00.264 [http-nio-8088-exec-1] INFO  o.a.c.core.ContainerBase.[Tomcat].[localhost].[/] - Initializing Spring DispatcherServlet 'dispatcherServlet'
2021-02-17 22:55:00.264 [http-nio-8088-exec-1] INFO  org.springframework.web.servlet.DispatcherServlet - Initializing Servlet 'dispatcherServlet'
2021-02-17 22:55:00.266 [http-nio-8088-exec-1] INFO  org.springframework.web.servlet.DispatcherServlet - Completed initialization in 2 ms
2021-02-17 22:55:00.385 [http-nio-8088-exec-1] INFO  com.yu.aspect.LogAspect - Request: LogAspect.RequestLog(url=http://localhost:8088/, ip=0:0:0:0:0:0:0:1, classMethod=com.yu.web.IndexController.index, args=[])
2021-02-17 22:55:00.403 [http-nio-8088-exec-1] INFO  com.yu.aspect.LogAspect - Result : index
2021-02-17 22:55:03.971 [http-nio-8088-exec-3] INFO  com.yu.aspect.LogAspect - Request: LogAspect.RequestLog(url=http://localhost:8088/, ip=0:0:0:0:0:0:0:1, classMethod=com.yu.web.IndexController.index, args=[])
2021-02-17 22:55:03.972 [http-nio-8088-exec-3] INFO  com.yu.aspect.LogAspect - Result : index
2021-02-17 22:55:17.219 [http-nio-8088-exec-4] INFO  com.yu.aspect.LogAspect - Request: LogAspect.RequestLog(url=http://localhost:8088/, ip=0:0:0:0:0:0:0:1, classMethod=com.yu.web.IndexController.index, args=[])
2021-02-17 22:55:17.220 [http-nio-8088-exec-4] INFO  com.yu.aspect.LogAspect - Result : index
2021-02-17 22:55:44.964 [http-nio-8088-exec-6] INFO  com.yu.aspect.LogAspect - Request: LogAspect.RequestLog(url=http://localhost:8088/, ip=0:0:0:0:0:0:0:1, classMethod=com.yu.web.IndexController.index, args=[])
2021-02-17 22:55:44.964 [http-nio-8088-exec-6] INFO  com.yu.aspect.LogAspect - Result : index
2021-02-17 22:58:41.006 [restartedMain] INFO  com.yu.BlogApplication - Starting BlogApplication using Java 1.8.0_202 on LAPTOP-203CHE85 with PID 13628 (C:\Users\jianghong1972\Desktop\BLOG\blog\target\classes started by jianghong1972 in C:\Users\jianghong1972\Desktop\BLOG\blog)
2021-02-17 22:58:41.026 [restartedMain] INFO  com.yu.BlogApplication - The following profiles are active: dev
2021-02-17 22:58:41.091 [restartedMain] INFO  o.s.b.d.env.DevToolsPropertyDefaultsPostProcessor - Devtools property defaults active! Set 'spring.devtools.add-properties' to 'false' to disable
2021-02-17 22:58:41.091 [restartedMain] INFO  o.s.b.d.env.DevToolsPropertyDefaultsPostProcessor - For additional web related logging consider setting the 'logging.level.web' property to 'DEBUG'
2021-02-17 22:58:41.818 [restartedMain] INFO  o.s.d.r.config.RepositoryConfigurationDelegate - Bootstrapping Spring Data JPA repositories in DEFAULT mode.
2021-02-17 22:58:41.839 [restartedMain] INFO  o.s.d.r.config.RepositoryConfigurationDelegate - Finished Spring Data repository scanning in 10 ms. Found 0 JPA repository interfaces.
2021-02-17 22:58:42.761 [restartedMain] INFO  o.s.boot.web.embedded.tomcat.TomcatWebServer - Tomcat initialized with port(s): 8088 (http)
2021-02-17 22:58:42.771 [restartedMain] INFO  org.apache.coyote.http11.Http11NioProtocol - Initializing ProtocolHandler ["http-nio-8088"]
2021-02-17 22:58:42.772 [restartedMain] INFO  org.apache.catalina.core.StandardService - Starting service [Tomcat]
2021-02-17 22:58:42.772 [restartedMain] INFO  org.apache.catalina.core.StandardEngine - Starting Servlet engine: [Apache Tomcat/9.0.41]
2021-02-17 22:58:42.899 [restartedMain] INFO  o.a.c.core.ContainerBase.[Tomcat].[localhost].[/] - Initializing Spring embedded WebApplicationContext
2021-02-17 22:58:42.899 [restartedMain] INFO  o.s.b.w.s.c.ServletWebServerApplicationContext - Root WebApplicationContext: initialization completed in 1806 ms
2021-02-17 22:58:43.167 [restartedMain] INFO  org.hibernate.jpa.internal.util.LogHelper - HHH000204: Processing PersistenceUnitInfo [name: default]
2021-02-17 22:58:43.222 [restartedMain] INFO  org.hibernate.Version - HHH000412: Hibernate ORM core version 5.4.27.Final
2021-02-17 22:58:43.363 [restartedMain] INFO  org.hibernate.annotations.common.Version - HCANN000001: Hibernate Commons Annotations {5.1.2.Final}
2021-02-17 22:58:43.476 [restartedMain] INFO  com.zaxxer.hikari.HikariDataSource - HikariPool-1 - Starting...
2021-02-17 22:58:43.600 [restartedMain] INFO  com.zaxxer.hikari.HikariDataSource - HikariPool-1 - Start completed.
2021-02-17 22:58:43.621 [restartedMain] INFO  org.hibernate.dialect.Dialect - HHH000400: Using dialect: org.hibernate.dialect.MySQL55Dialect
2021-02-17 22:58:43.869 [restartedMain] INFO  o.h.e.t.jta.platform.internal.JtaPlatformInitiator - HHH000490: Using JtaPlatform implementation: [org.hibernate.engine.transaction.jta.platform.internal.NoJtaPlatform]
2021-02-17 22:58:43.882 [restartedMain] INFO  o.s.orm.jpa.LocalContainerEntityManagerFactoryBean - Initialized JPA EntityManagerFactory for persistence unit 'default'
2021-02-17 22:58:43.957 [restartedMain] INFO  o.s.b.d.autoconfigure.OptionalLiveReloadServer - LiveReload server is running on port 35729
2021-02-17 22:58:44.321 [restartedMain] INFO  o.s.scheduling.concurrent.ThreadPoolTaskExecutor - Initializing ExecutorService 'applicationTaskExecutor'
2021-02-17 22:58:44.444 [restartedMain] INFO  o.s.b.a.web.servlet.WelcomePageHandlerMapping - Adding welcome page template: index
2021-02-17 22:58:44.776 [restartedMain] INFO  org.apache.coyote.http11.Http11NioProtocol - Starting ProtocolHandler ["http-nio-8088"]
2021-02-17 22:58:44.796 [restartedMain] INFO  o.s.boot.web.embedded.tomcat.TomcatWebServer - Tomcat started on port(s): 8088 (http) with context path ''
2021-02-17 22:58:44.805 [restartedMain] INFO  com.yu.BlogApplication - Started BlogApplication in 4.486 seconds (JVM running for 7.527)
2021-02-17 22:58:51.606 [http-nio-8088-exec-1] INFO  o.a.c.core.ContainerBase.[Tomcat].[localhost].[/] - Initializing Spring DispatcherServlet 'dispatcherServlet'
2021-02-17 22:58:51.606 [http-nio-8088-exec-1] INFO  org.springframework.web.servlet.DispatcherServlet - Initializing Servlet 'dispatcherServlet'
2021-02-17 22:58:51.608 [http-nio-8088-exec-1] INFO  org.springframework.web.servlet.DispatcherServlet - Completed initialization in 1 ms
2021-02-17 22:58:51.721 [http-nio-8088-exec-1] INFO  com.yu.aspect.LogAspect - Request: LogAspect.RequestLog(url=http://localhost:8088/, ip=0:0:0:0:0:0:0:1, classMethod=com.yu.web.IndexController.index, args=[])
2021-02-17 22:58:51.738 [http-nio-8088-exec-1] INFO  com.yu.aspect.LogAspect - Result : index
2021-02-17 22:59:43.718 [restartedMain] INFO  com.yu.BlogApplication - Starting BlogApplication using Java 1.8.0_202 on LAPTOP-203CHE85 with PID 24152 (C:\Users\jianghong1972\Desktop\BLOG\blog\target\classes started by jianghong1972 in C:\Users\jianghong1972\Desktop\BLOG\blog)
2021-02-17 22:59:43.739 [restartedMain] INFO  com.yu.BlogApplication - The following profiles are active: dev
2021-02-17 22:59:43.798 [restartedMain] INFO  o.s.b.d.env.DevToolsPropertyDefaultsPostProcessor - Devtools property defaults active! Set 'spring.devtools.add-properties' to 'false' to disable
2021-02-17 22:59:43.798 [restartedMain] INFO  o.s.b.d.env.DevToolsPropertyDefaultsPostProcessor - For additional web related logging consider setting the 'logging.level.web' property to 'DEBUG'
2021-02-17 22:59:44.530 [restartedMain] INFO  o.s.d.r.config.RepositoryConfigurationDelegate - Bootstrapping Spring Data JPA repositories in DEFAULT mode.
2021-02-17 22:59:44.552 [restartedMain] INFO  o.s.d.r.config.RepositoryConfigurationDelegate - Finished Spring Data repository scanning in 9 ms. Found 0 JPA repository interfaces.
2021-02-17 22:59:45.518 [restartedMain] INFO  o.s.boot.web.embedded.tomcat.TomcatWebServer - Tomcat initialized with port(s): 8088 (http)
2021-02-17 22:59:45.528 [restartedMain] INFO  org.apache.coyote.http11.Http11NioProtocol - Initializing ProtocolHandler ["http-nio-8088"]
2021-02-17 22:59:45.529 [restartedMain] INFO  org.apache.catalina.core.StandardService - Starting service [Tomcat]
2021-02-17 22:59:45.529 [restartedMain] INFO  org.apache.catalina.core.StandardEngine - Starting Servlet engine: [Apache Tomcat/9.0.41]
2021-02-17 22:59:45.660 [restartedMain] INFO  o.a.c.core.ContainerBase.[Tomcat].[localhost].[/] - Initializing Spring embedded WebApplicationContext
2021-02-17 22:59:45.661 [restartedMain] INFO  o.s.b.w.s.c.ServletWebServerApplicationContext - Root WebApplicationContext: initialization completed in 1861 ms
2021-02-17 22:59:45.926 [restartedMain] INFO  org.hibernate.jpa.internal.util.LogHelper - HHH000204: Processing PersistenceUnitInfo [name: default]
2021-02-17 22:59:45.980 [restartedMain] INFO  org.hibernate.Version - HHH000412: Hibernate ORM core version 5.4.27.Final
2021-02-17 22:59:46.120 [restartedMain] INFO  org.hibernate.annotations.common.Version - HCANN000001: Hibernate Commons Annotations {5.1.2.Final}
2021-02-17 22:59:46.242 [restartedMain] INFO  com.zaxxer.hikari.HikariDataSource - HikariPool-1 - Starting...
2021-02-17 22:59:46.390 [restartedMain] INFO  com.zaxxer.hikari.HikariDataSource - HikariPool-1 - Start completed.
2021-02-17 22:59:46.417 [restartedMain] INFO  org.hibernate.dialect.Dialect - HHH000400: Using dialect: org.hibernate.dialect.MySQL55Dialect
2021-02-17 22:59:46.682 [restartedMain] INFO  o.h.e.t.jta.platform.internal.JtaPlatformInitiator - HHH000490: Using JtaPlatform implementation: [org.hibernate.engine.transaction.jta.platform.internal.NoJtaPlatform]
2021-02-17 22:59:46.694 [restartedMain] INFO  o.s.orm.jpa.LocalContainerEntityManagerFactoryBean - Initialized JPA EntityManagerFactory for persistence unit 'default'
2021-02-17 22:59:46.769 [restartedMain] INFO  o.s.b.d.autoconfigure.OptionalLiveReloadServer - LiveReload server is running on port 35729
2021-02-17 22:59:47.129 [restartedMain] INFO  o.s.scheduling.concurrent.ThreadPoolTaskExecutor - Initializing ExecutorService 'applicationTaskExecutor'
2021-02-17 22:59:47.251 [restartedMain] INFO  o.s.b.a.web.servlet.WelcomePageHandlerMapping - Adding welcome page template: index
2021-02-17 22:59:47.564 [restartedMain] INFO  org.apache.coyote.http11.Http11NioProtocol - Starting ProtocolHandler ["http-nio-8088"]
2021-02-17 22:59:47.585 [restartedMain] INFO  o.s.boot.web.embedded.tomcat.TomcatWebServer - Tomcat started on port(s): 8088 (http) with context path ''
2021-02-17 22:59:47.594 [restartedMain] INFO  com.yu.BlogApplication - Started BlogApplication in 4.568 seconds (JVM running for 9.129)
2021-02-17 22:59:52.191 [http-nio-8088-exec-1] INFO  o.a.c.core.ContainerBase.[Tomcat].[localhost].[/] - Initializing Spring DispatcherServlet 'dispatcherServlet'
2021-02-17 22:59:52.192 [http-nio-8088-exec-1] INFO  org.springframework.web.servlet.DispatcherServlet - Initializing Servlet 'dispatcherServlet'
2021-02-17 22:59:52.193 [http-nio-8088-exec-1] INFO  org.springframework.web.servlet.DispatcherServlet - Completed initialization in 1 ms
2021-02-17 22:59:52.303 [http-nio-8088-exec-1] INFO  com.yu.aspect.LogAspect - Request: LogAspect.RequestLog(url=http://localhost:8088/, ip=0:0:0:0:0:0:0:1, classMethod=com.yu.web.IndexController.index, args=[])
2021-02-17 22:59:52.318 [http-nio-8088-exec-1] INFO  com.yu.aspect.LogAspect - Result : index
2021-02-17 22:59:57.938 [http-nio-8088-exec-5] INFO  com.yu.aspect.LogAspect - Request: LogAspect.RequestLog(url=http://localhost:8088/blog, ip=0:0:0:0:0:0:0:1, classMethod=com.yu.web.IndexController.blog, args=[])
2021-02-17 22:59:57.940 [http-nio-8088-exec-5] INFO  com.yu.aspect.LogAspect - Result : blog
2021-02-17 23:14:06.501 [restartedMain] INFO  com.yu.BlogApplication - Starting BlogApplication using Java 1.8.0_202 on LAPTOP-203CHE85 with PID 24312 (C:\Users\jianghong1972\Desktop\BLOG\blog\target\classes started by jianghong1972 in C:\Users\jianghong1972\Desktop\BLOG\blog)
2021-02-17 23:14:06.522 [restartedMain] INFO  com.yu.BlogApplication - The following profiles are active: dev
2021-02-17 23:14:06.587 [restartedMain] INFO  o.s.b.d.env.DevToolsPropertyDefaultsPostProcessor - Devtools property defaults active! Set 'spring.devtools.add-properties' to 'false' to disable
2021-02-17 23:14:06.588 [restartedMain] INFO  o.s.b.d.env.DevToolsPropertyDefaultsPostProcessor - For additional web related logging consider setting the 'logging.level.web' property to 'DEBUG'
2021-02-17 23:14:08.116 [restartedMain] INFO  o.s.d.r.config.RepositoryConfigurationDelegate - Bootstrapping Spring Data JPA repositories in DEFAULT mode.
2021-02-17 23:14:08.178 [restartedMain] INFO  o.s.d.r.config.RepositoryConfigurationDelegate - Finished Spring Data repository scanning in 29 ms. Found 0 JPA repository interfaces.
2021-02-17 23:14:09.352 [restartedMain] INFO  o.s.boot.web.embedded.tomcat.TomcatWebServer - Tomcat initialized with port(s): 8088 (http)
2021-02-17 23:14:09.362 [restartedMain] INFO  org.apache.coyote.http11.Http11NioProtocol - Initializing ProtocolHandler ["http-nio-8088"]
2021-02-17 23:14:09.363 [restartedMain] INFO  org.apache.catalina.core.StandardService - Starting service [Tomcat]
2021-02-17 23:14:09.363 [restartedMain] INFO  org.apache.catalina.core.StandardEngine - Starting Servlet engine: [Apache Tomcat/9.0.41]
2021-02-17 23:14:09.499 [restartedMain] INFO  o.a.c.core.ContainerBase.[Tomcat].[localhost].[/] - Initializing Spring embedded WebApplicationContext
2021-02-17 23:14:09.500 [restartedMain] INFO  o.s.b.w.s.c.ServletWebServerApplicationContext - Root WebApplicationContext: initialization completed in 2911 ms
2021-02-17 23:14:09.756 [restartedMain] INFO  org.hibernate.jpa.internal.util.LogHelper - HHH000204: Processing PersistenceUnitInfo [name: default]
2021-02-17 23:14:09.813 [restartedMain] INFO  org.hibernate.Version - HHH000412: Hibernate ORM core version 5.4.27.Final
2021-02-17 23:14:09.956 [restartedMain] INFO  org.hibernate.annotations.common.Version - HCANN000001: Hibernate Commons Annotations {5.1.2.Final}
2021-02-17 23:14:10.074 [restartedMain] INFO  com.zaxxer.hikari.HikariDataSource - HikariPool-1 - Starting...
2021-02-17 23:14:10.206 [restartedMain] INFO  com.zaxxer.hikari.HikariDataSource - HikariPool-1 - Start completed.
2021-02-17 23:14:10.234 [restartedMain] INFO  org.hibernate.dialect.Dialect - HHH000400: Using dialect: org.hibernate.dialect.MySQL55Dialect
2021-02-17 23:14:10.502 [restartedMain] INFO  o.h.e.t.jta.platform.internal.JtaPlatformInitiator - HHH000490: Using JtaPlatform implementation: [org.hibernate.engine.transaction.jta.platform.internal.NoJtaPlatform]
2021-02-17 23:14:10.514 [restartedMain] INFO  o.s.orm.jpa.LocalContainerEntityManagerFactoryBean - Initialized JPA EntityManagerFactory for persistence unit 'default'
2021-02-17 23:14:10.598 [restartedMain] INFO  o.s.b.d.autoconfigure.OptionalLiveReloadServer - LiveReload server is running on port 35729
2021-02-17 23:14:10.966 [restartedMain] INFO  o.s.scheduling.concurrent.ThreadPoolTaskExecutor - Initializing ExecutorService 'applicationTaskExecutor'
2021-02-17 23:14:11.093 [restartedMain] INFO  o.s.b.a.web.servlet.WelcomePageHandlerMapping - Adding welcome page template: index
2021-02-17 23:14:11.408 [restartedMain] INFO  org.apache.coyote.http11.Http11NioProtocol - Starting ProtocolHandler ["http-nio-8088"]
2021-02-17 23:14:11.428 [restartedMain] INFO  o.s.boot.web.embedded.tomcat.TomcatWebServer - Tomcat started on port(s): 8088 (http) with context path ''
2021-02-17 23:14:11.437 [restartedMain] INFO  com.yu.BlogApplication - Started BlogApplication in 5.762 seconds (JVM running for 9.4)
2021-02-17 23:14:21.342 [http-nio-8088-exec-1] INFO  o.a.c.core.ContainerBase.[Tomcat].[localhost].[/] - Initializing Spring DispatcherServlet 'dispatcherServlet'
2021-02-17 23:14:21.342 [http-nio-8088-exec-1] INFO  org.springframework.web.servlet.DispatcherServlet - Initializing Servlet 'dispatcherServlet'
2021-02-17 23:14:21.344 [http-nio-8088-exec-1] INFO  org.springframework.web.servlet.DispatcherServlet - Completed initialization in 1 ms
2021-02-17 23:14:21.454 [http-nio-8088-exec-1] INFO  com.yu.aspect.LogAspect - Request: LogAspect.RequestLog(url=http://localhost:8088/, ip=0:0:0:0:0:0:0:1, classMethod=com.yu.web.IndexController.index, args=[])
2021-02-17 23:14:21.466 [http-nio-8088-exec-1] INFO  com.yu.aspect.LogAspect - Result : index
2021-02-17 23:15:09.083 [http-nio-8088-exec-8] INFO  com.yu.aspect.LogAspect - Request: LogAspect.RequestLog(url=http://localhost:8088/, ip=0:0:0:0:0:0:0:1, classMethod=com.yu.web.IndexController.index, args=[])
2021-02-17 23:15:09.086 [http-nio-8088-exec-8] INFO  com.yu.aspect.LogAspect - Result : index
2021-02-17 23:15:42.512 [http-nio-8088-exec-9] INFO  com.yu.aspect.LogAspect - Request: LogAspect.RequestLog(url=http://localhost:8088/, ip=0:0:0:0:0:0:0:1, classMethod=com.yu.web.IndexController.index, args=[])
2021-02-17 23:15:42.512 [http-nio-8088-exec-9] INFO  com.yu.aspect.LogAspect - Result : index
2021-02-17 23:15:55.002 [http-nio-8088-exec-3] INFO  com.yu.aspect.LogAspect - Request: LogAspect.RequestLog(url=http://localhost:8088/, ip=0:0:0:0:0:0:0:1, classMethod=com.yu.web.IndexController.index, args=[])
2021-02-17 23:15:55.002 [http-nio-8088-exec-3] INFO  com.yu.aspect.LogAspect - Result : index
2021-02-17 23:15:56.651 [http-nio-8088-exec-5] INFO  com.yu.aspect.LogAspect - Request: LogAspect.RequestLog(url=http://localhost:8088/, ip=0:0:0:0:0:0:0:1, classMethod=com.yu.web.IndexController.index, args=[])
2021-02-17 23:15:56.652 [http-nio-8088-exec-5] INFO  com.yu.aspect.LogAspect - Result : index
2021-02-17 23:17:15.771 [http-nio-8088-exec-2] INFO  com.yu.aspect.LogAspect - Request: LogAspect.RequestLog(url=http://localhost:8088/, ip=0:0:0:0:0:0:0:1, classMethod=com.yu.web.IndexController.index, args=[])
2021-02-17 23:17:15.772 [http-nio-8088-exec-2] INFO  com.yu.aspect.LogAspect - Result : index
2021-02-17 23:17:18.328 [http-nio-8088-exec-9] INFO  com.yu.aspect.LogAspect - Request: LogAspect.RequestLog(url=http://localhost:8088/, ip=0:0:0:0:0:0:0:1, classMethod=com.yu.web.IndexController.index, args=[])
2021-02-17 23:17:18.328 [http-nio-8088-exec-9] INFO  com.yu.aspect.LogAspect - Result : index
2021-02-17 23:17:29.383 [restartedMain] INFO  com.yu.BlogApplication - Starting BlogApplication using Java 1.8.0_202 on LAPTOP-203CHE85 with PID 140 (C:\Users\jianghong1972\Desktop\BLOG\blog\target\classes started by jianghong1972 in C:\Users\jianghong1972\Desktop\BLOG\blog)
2021-02-17 23:17:29.387 [restartedMain] INFO  com.yu.BlogApplication - The following profiles are active: dev
2021-02-17 23:17:29.484 [restartedMain] INFO  o.s.b.d.env.DevToolsPropertyDefaultsPostProcessor - Devtools property defaults active! Set 'spring.devtools.add-properties' to 'false' to disable
2021-02-17 23:17:29.484 [restartedMain] INFO  o.s.b.d.env.DevToolsPropertyDefaultsPostProcessor - For additional web related logging consider setting the 'logging.level.web' property to 'DEBUG'
2021-02-17 23:17:30.304 [restartedMain] INFO  o.s.d.r.config.RepositoryConfigurationDelegate - Bootstrapping Spring Data JPA repositories in DEFAULT mode.
2021-02-17 23:17:30.326 [restartedMain] INFO  o.s.d.r.config.RepositoryConfigurationDelegate - Finished Spring Data repository scanning in 11 ms. Found 0 JPA repository interfaces.
2021-02-17 23:17:31.314 [restartedMain] INFO  o.s.boot.web.embedded.tomcat.TomcatWebServer - Tomcat initialized with port(s): 8088 (http)
2021-02-17 23:17:31.327 [restartedMain] INFO  org.apache.coyote.http11.Http11NioProtocol - Initializing ProtocolHandler ["http-nio-8088"]
2021-02-17 23:17:31.328 [restartedMain] INFO  org.apache.catalina.core.StandardService - Starting service [Tomcat]
2021-02-17 23:17:31.328 [restartedMain] INFO  org.apache.catalina.core.StandardEngine - Starting Servlet engine: [Apache Tomcat/9.0.41]
2021-02-17 23:17:31.464 [restartedMain] INFO  o.a.c.core.ContainerBase.[Tomcat].[localhost].[/] - Initializing Spring embedded WebApplicationContext
2021-02-17 23:17:31.464 [restartedMain] INFO  o.s.b.w.s.c.ServletWebServerApplicationContext - Root WebApplicationContext: initialization completed in 1978 ms
2021-02-17 23:17:31.739 [restartedMain] INFO  org.hibernate.jpa.internal.util.LogHelper - HHH000204: Processing PersistenceUnitInfo [name: default]
2021-02-17 23:17:31.795 [restartedMain] INFO  org.hibernate.Version - HHH000412: Hibernate ORM core version 5.4.27.Final
2021-02-17 23:17:31.940 [restartedMain] INFO  org.hibernate.annotations.common.Version - HCANN000001: Hibernate Commons Annotations {5.1.2.Final}
2021-02-17 23:17:32.062 [restartedMain] INFO  com.zaxxer.hikari.HikariDataSource - HikariPool-1 - Starting...
2021-02-17 23:17:32.206 [restartedMain] INFO  com.zaxxer.hikari.HikariDataSource - HikariPool-1 - Start completed.
2021-02-17 23:17:32.500 [restartedMain] INFO  org.hibernate.dialect.Dialect - HHH000400: Using dialect: org.hibernate.dialect.MySQL55Dialect
2021-02-17 23:17:32.843 [restartedMain] INFO  o.h.e.t.jta.platform.internal.JtaPlatformInitiator - HHH000490: Using JtaPlatform implementation: [org.hibernate.engine.transaction.jta.platform.internal.NoJtaPlatform]
2021-02-17 23:17:32.854 [restartedMain] INFO  o.s.orm.jpa.LocalContainerEntityManagerFactoryBean - Initialized JPA EntityManagerFactory for persistence unit 'default'
2021-02-17 23:17:32.928 [restartedMain] INFO  o.s.b.d.autoconfigure.OptionalLiveReloadServer - LiveReload server is running on port 35729
2021-02-17 23:17:33.331 [restartedMain] INFO  o.s.scheduling.concurrent.ThreadPoolTaskExecutor - Initializing ExecutorService 'applicationTaskExecutor'
2021-02-17 23:17:33.462 [restartedMain] INFO  o.s.b.a.web.servlet.WelcomePageHandlerMapping - Adding welcome page template: index
2021-02-17 23:17:33.797 [restartedMain] INFO  org.apache.coyote.http11.Http11NioProtocol - Starting ProtocolHandler ["http-nio-8088"]
2021-02-17 23:17:33.820 [restartedMain] INFO  o.s.boot.web.embedded.tomcat.TomcatWebServer - Tomcat started on port(s): 8088 (http) with context path ''
2021-02-17 23:17:33.830 [restartedMain] INFO  com.yu.BlogApplication - Started BlogApplication in 5.186 seconds (JVM running for 9.429)
2021-02-17 23:17:50.742 [http-nio-8088-exec-1] INFO  o.a.c.core.ContainerBase.[Tomcat].[localhost].[/] - Initializing Spring DispatcherServlet 'dispatcherServlet'
2021-02-17 23:17:50.743 [http-nio-8088-exec-1] INFO  org.springframework.web.servlet.DispatcherServlet - Initializing Servlet 'dispatcherServlet'
2021-02-17 23:17:50.744 [http-nio-8088-exec-1] INFO  org.springframework.web.servlet.DispatcherServlet - Completed initialization in 1 ms
2021-02-17 23:17:50.862 [http-nio-8088-exec-1] INFO  com.yu.aspect.LogAspect - Request: LogAspect.RequestLog(url=http://localhost:8088/, ip=0:0:0:0:0:0:0:1, classMethod=com.yu.web.IndexController.index, args=[])
2021-02-17 23:17:50.876 [http-nio-8088-exec-1] INFO  com.yu.aspect.LogAspect - Result : index
2021-02-17 23:18:36.848 [http-nio-8088-exec-5] INFO  com.yu.aspect.LogAspect - Request: LogAspect.RequestLog(url=http://localhost:8088/, ip=0:0:0:0:0:0:0:1, classMethod=com.yu.web.IndexController.index, args=[])
2021-02-17 23:18:36.849 [http-nio-8088-exec-5] INFO  com.yu.aspect.LogAspect - Result : index
2021-02-17 23:18:38.829 [http-nio-8088-exec-9] INFO  com.yu.aspect.LogAspect - Request: LogAspect.RequestLog(url=http://localhost:8088/, ip=0:0:0:0:0:0:0:1, classMethod=com.yu.web.IndexController.index, args=[])
2021-02-17 23:18:38.829 [http-nio-8088-exec-9] INFO  com.yu.aspect.LogAspect - Result : index
2021-02-17 23:20:03.814 [http-nio-8088-exec-6] INFO  com.yu.aspect.LogAspect - Request: LogAspect.RequestLog(url=http://localhost:8088/, ip=0:0:0:0:0:0:0:1, classMethod=com.yu.web.IndexController.index, args=[])
2021-02-17 23:20:03.819 [http-nio-8088-exec-6] INFO  com.yu.aspect.LogAspect - Result : index
2021-02-17 23:20:05.572 [http-nio-8088-exec-1] INFO  com.yu.aspect.LogAspect - Request: LogAspect.RequestLog(url=http://localhost:8088/, ip=0:0:0:0:0:0:0:1, classMethod=com.yu.web.IndexController.index, args=[])
2021-02-17 23:20:05.573 [http-nio-8088-exec-1] INFO  com.yu.aspect.LogAspect - Result : index
2021-02-17 23:20:13.939 [http-nio-8088-exec-5] INFO  com.yu.aspect.LogAspect - Request: LogAspect.RequestLog(url=http://localhost:8088/, ip=0:0:0:0:0:0:0:1, classMethod=com.yu.web.IndexController.index, args=[])
2021-02-17 23:20:13.940 [http-nio-8088-exec-5] INFO  com.yu.aspect.LogAspect - Result : index
2021-02-17 23:20:18.165 [http-nio-8088-exec-8] INFO  com.yu.aspect.LogAspect - Request: LogAspect.RequestLog(url=http://localhost:8088/, ip=0:0:0:0:0:0:0:1, classMethod=com.yu.web.IndexController.index, args=[])
2021-02-17 23:20:18.166 [http-nio-8088-exec-8] INFO  com.yu.aspect.LogAspect - Result : index
2021-02-17 23:20:35.545 [http-nio-8088-exec-4] INFO  com.yu.aspect.LogAspect - Request: LogAspect.RequestLog(url=http://localhost:8088/, ip=0:0:0:0:0:0:0:1, classMethod=com.yu.web.IndexController.index, args=[])
2021-02-17 23:20:35.546 [http-nio-8088-exec-4] INFO  com.yu.aspect.LogAspect - Result : index
2021-02-17 23:20:43.402 [restartedMain] INFO  com.yu.BlogApplication - Starting BlogApplication using Java 1.8.0_202 on LAPTOP-203CHE85 with PID 22940 (C:\Users\jianghong1972\Desktop\BLOG\blog\target\classes started by jianghong1972 in C:\Users\jianghong1972\Desktop\BLOG\blog)
2021-02-17 23:20:43.405 [restartedMain] INFO  com.yu.BlogApplication - The following profiles are active: dev
2021-02-17 23:20:43.482 [restartedMain] INFO  o.s.b.d.env.DevToolsPropertyDefaultsPostProcessor - Devtools property defaults active! Set 'spring.devtools.add-properties' to 'false' to disable
2021-02-17 23:20:43.482 [restartedMain] INFO  o.s.b.d.env.DevToolsPropertyDefaultsPostProcessor - For additional web related logging consider setting the 'logging.level.web' property to 'DEBUG'
2021-02-17 23:20:44.270 [restartedMain] INFO  o.s.d.r.config.RepositoryConfigurationDelegate - Bootstrapping Spring Data JPA repositories in DEFAULT mode.
2021-02-17 23:20:44.291 [restartedMain] INFO  o.s.d.r.config.RepositoryConfigurationDelegate - Finished Spring Data repository scanning in 10 ms. Found 0 JPA repository interfaces.
2021-02-17 23:20:45.264 [restartedMain] INFO  o.s.boot.web.embedded.tomcat.TomcatWebServer - Tomcat initialized with port(s): 8088 (http)
2021-02-17 23:20:45.279 [restartedMain] INFO  org.apache.coyote.http11.Http11NioProtocol - Initializing ProtocolHandler ["http-nio-8088"]
2021-02-17 23:20:45.281 [restartedMain] INFO  org.apache.catalina.core.StandardService - Starting service [Tomcat]
2021-02-17 23:20:45.281 [restartedMain] INFO  org.apache.catalina.core.StandardEngine - Starting Servlet engine: [Apache Tomcat/9.0.41]
2021-02-17 23:20:45.438 [restartedMain] INFO  o.a.c.core.ContainerBase.[Tomcat].[localhost].[/] - Initializing Spring embedded WebApplicationContext
2021-02-17 23:20:45.438 [restartedMain] INFO  o.s.b.w.s.c.ServletWebServerApplicationContext - Root WebApplicationContext: initialization completed in 1955 ms
2021-02-17 23:20:45.719 [restartedMain] INFO  org.hibernate.jpa.internal.util.LogHelper - HHH000204: Processing PersistenceUnitInfo [name: default]
2021-02-17 23:20:45.776 [restartedMain] INFO  org.hibernate.Version - HHH000412: Hibernate ORM core version 5.4.27.Final
2021-02-17 23:20:45.925 [restartedMain] INFO  org.hibernate.annotations.common.Version - HCANN000001: Hibernate Commons Annotations {5.1.2.Final}
2021-02-17 23:20:46.060 [restartedMain] INFO  com.zaxxer.hikari.HikariDataSource - HikariPool-1 - Starting...
2021-02-17 23:20:46.201 [restartedMain] INFO  com.zaxxer.hikari.HikariDataSource - HikariPool-1 - Start completed.
2021-02-17 23:20:46.227 [restartedMain] INFO  org.hibernate.dialect.Dialect - HHH000400: Using dialect: org.hibernate.dialect.MySQL55Dialect
2021-02-17 23:20:46.478 [restartedMain] INFO  o.h.e.t.jta.platform.internal.JtaPlatformInitiator - HHH000490: Using JtaPlatform implementation: [org.hibernate.engine.transaction.jta.platform.internal.NoJtaPlatform]
2021-02-17 23:20:46.488 [restartedMain] INFO  o.s.orm.jpa.LocalContainerEntityManagerFactoryBean - Initialized JPA EntityManagerFactory for persistence unit 'default'
2021-02-17 23:20:46.564 [restartedMain] INFO  o.s.b.d.autoconfigure.OptionalLiveReloadServer - LiveReload server is running on port 35729
2021-02-17 23:20:46.938 [restartedMain] INFO  o.s.scheduling.concurrent.ThreadPoolTaskExecutor - Initializing ExecutorService 'applicationTaskExecutor'
2021-02-17 23:20:47.056 [restartedMain] INFO  o.s.b.a.web.servlet.WelcomePageHandlerMapping - Adding welcome page template: index
2021-02-17 23:20:47.377 [restartedMain] INFO  org.apache.coyote.http11.Http11NioProtocol - Starting ProtocolHandler ["http-nio-8088"]
2021-02-17 23:20:47.397 [restartedMain] INFO  o.s.boot.web.embedded.tomcat.TomcatWebServer - Tomcat started on port(s): 8088 (http) with context path ''
2021-02-17 23:20:47.406 [restartedMain] INFO  com.yu.BlogApplication - Started BlogApplication in 4.722 seconds (JVM running for 7.067)
2021-02-17 23:20:54.491 [http-nio-8088-exec-1] INFO  o.a.c.core.ContainerBase.[Tomcat].[localhost].[/] - Initializing Spring DispatcherServlet 'dispatcherServlet'
2021-02-17 23:20:54.491 [http-nio-8088-exec-1] INFO  org.springframework.web.servlet.DispatcherServlet - Initializing Servlet 'dispatcherServlet'
2021-02-17 23:20:54.492 [http-nio-8088-exec-1] INFO  org.springframework.web.servlet.DispatcherServlet - Completed initialization in 0 ms
2021-02-17 23:20:54.608 [http-nio-8088-exec-1] INFO  com.yu.aspect.LogAspect - Request: LogAspect.RequestLog(url=http://localhost:8088/, ip=0:0:0:0:0:0:0:1, classMethod=com.yu.web.IndexController.index, args=[])
2021-02-17 23:20:54.623 [http-nio-8088-exec-1] INFO  com.yu.aspect.LogAspect - Result : index
2021-02-17 23:23:18.375 [http-nio-8088-exec-10] INFO  com.yu.aspect.LogAspect - Request: LogAspect.RequestLog(url=http://localhost:8088/, ip=0:0:0:0:0:0:0:1, classMethod=com.yu.web.IndexController.index, args=[])
2021-02-17 23:23:18.376 [http-nio-8088-exec-10] INFO  com.yu.aspect.LogAspect - Result : index
2021-02-17 23:23:32.796 [restartedMain] INFO  com.yu.BlogApplication - Starting BlogApplication using Java 1.8.0_202 on LAPTOP-203CHE85 with PID 18296 (C:\Users\jianghong1972\Desktop\BLOG\blog\target\classes started by jianghong1972 in C:\Users\jianghong1972\Desktop\BLOG\blog)
2021-02-17 23:23:32.801 [restartedMain] INFO  com.yu.BlogApplication - The following profiles are active: dev
2021-02-17 23:23:32.885 [restartedMain] INFO  o.s.b.d.env.DevToolsPropertyDefaultsPostProcessor - Devtools property defaults active! Set 'spring.devtools.add-properties' to 'false' to disable
2021-02-17 23:23:32.885 [restartedMain] INFO  o.s.b.d.env.DevToolsPropertyDefaultsPostProcessor - For additional web related logging consider setting the 'logging.level.web' property to 'DEBUG'
2021-02-17 23:23:33.623 [restartedMain] INFO  o.s.d.r.config.RepositoryConfigurationDelegate - Bootstrapping Spring Data JPA repositories in DEFAULT mode.
2021-02-17 23:23:33.643 [restartedMain] INFO  o.s.d.r.config.RepositoryConfigurationDelegate - Finished Spring Data repository scanning in 10 ms. Found 0 JPA repository interfaces.
2021-02-17 23:23:34.621 [restartedMain] INFO  o.s.boot.web.embedded.tomcat.TomcatWebServer - Tomcat initialized with port(s): 8088 (http)
2021-02-17 23:23:34.631 [restartedMain] INFO  org.apache.coyote.http11.Http11NioProtocol - Initializing ProtocolHandler ["http-nio-8088"]
2021-02-17 23:23:34.632 [restartedMain] INFO  org.apache.catalina.core.StandardService - Starting service [Tomcat]
2021-02-17 23:23:34.632 [restartedMain] INFO  org.apache.catalina.core.StandardEngine - Starting Servlet engine: [Apache Tomcat/9.0.41]
2021-02-17 23:23:34.777 [restartedMain] INFO  o.a.c.core.ContainerBase.[Tomcat].[localhost].[/] - Initializing Spring embedded WebApplicationContext
2021-02-17 23:23:34.778 [restartedMain] INFO  o.s.b.w.s.c.ServletWebServerApplicationContext - Root WebApplicationContext: initialization completed in 1892 ms
2021-02-17 23:23:35.058 [restartedMain] INFO  org.hibernate.jpa.internal.util.LogHelper - HHH000204: Processing PersistenceUnitInfo [name: default]
2021-02-17 23:23:35.122 [restartedMain] INFO  org.hibernate.Version - HHH000412: Hibernate ORM core version 5.4.27.Final
2021-02-17 23:23:35.282 [restartedMain] INFO  org.hibernate.annotations.common.Version - HCANN000001: Hibernate Commons Annotations {5.1.2.Final}
2021-02-17 23:23:35.411 [restartedMain] INFO  com.zaxxer.hikari.HikariDataSource - HikariPool-1 - Starting...
2021-02-17 23:23:35.552 [restartedMain] INFO  com.zaxxer.hikari.HikariDataSource - HikariPool-1 - Start completed.
2021-02-17 23:23:35.577 [restartedMain] INFO  org.hibernate.dialect.Dialect - HHH000400: Using dialect: org.hibernate.dialect.MySQL55Dialect
2021-02-17 23:23:35.854 [restartedMain] INFO  o.h.e.t.jta.platform.internal.JtaPlatformInitiator - HHH000490: Using JtaPlatform implementation: [org.hibernate.engine.transaction.jta.platform.internal.NoJtaPlatform]
2021-02-17 23:23:35.867 [restartedMain] INFO  o.s.orm.jpa.LocalContainerEntityManagerFactoryBean - Initialized JPA EntityManagerFactory for persistence unit 'default'
2021-02-17 23:23:35.950 [restartedMain] INFO  o.s.b.d.autoconfigure.OptionalLiveReloadServer - LiveReload server is running on port 35729
2021-02-17 23:23:36.368 [restartedMain] INFO  o.s.scheduling.concurrent.ThreadPoolTaskExecutor - Initializing ExecutorService 'applicationTaskExecutor'
2021-02-17 23:23:36.495 [restartedMain] INFO  o.s.b.a.web.servlet.WelcomePageHandlerMapping - Adding welcome page template: index
2021-02-17 23:23:36.834 [restartedMain] INFO  org.apache.coyote.http11.Http11NioProtocol - Starting ProtocolHandler ["http-nio-8088"]
2021-02-17 23:23:36.856 [restartedMain] INFO  o.s.boot.web.embedded.tomcat.TomcatWebServer - Tomcat started on port(s): 8088 (http) with context path ''
2021-02-17 23:23:36.866 [restartedMain] INFO  com.yu.BlogApplication - Started BlogApplication in 4.805 seconds (JVM running for 7.211)
2021-02-17 23:23:39.592 [http-nio-8088-exec-1] INFO  o.a.c.core.ContainerBase.[Tomcat].[localhost].[/] - Initializing Spring DispatcherServlet 'dispatcherServlet'
2021-02-17 23:23:39.593 [http-nio-8088-exec-1] INFO  org.springframework.web.servlet.DispatcherServlet - Initializing Servlet 'dispatcherServlet'
2021-02-17 23:23:39.594 [http-nio-8088-exec-1] INFO  org.springframework.web.servlet.DispatcherServlet - Completed initialization in 1 ms
2021-02-17 23:23:39.705 [http-nio-8088-exec-1] INFO  com.yu.aspect.LogAspect - Request: LogAspect.RequestLog(url=http://localhost:8088/, ip=0:0:0:0:0:0:0:1, classMethod=com.yu.web.IndexController.index, args=[])
2021-02-17 23:23:39.720 [http-nio-8088-exec-1] INFO  com.yu.aspect.LogAspect - Result : index
2021-02-17 23:24:01.246 [http-nio-8088-exec-5] INFO  com.yu.aspect.LogAspect - Request: LogAspect.RequestLog(url=http://localhost:8088/, ip=0:0:0:0:0:0:0:1, classMethod=com.yu.web.IndexController.index, args=[])
2021-02-17 23:24:01.247 [http-nio-8088-exec-5] INFO  com.yu.aspect.LogAspect - Result : index
2021-02-17 23:24:14.550 [restartedMain] INFO  com.yu.BlogApplication - Starting BlogApplication using Java 1.8.0_202 on LAPTOP-203CHE85 with PID 8716 (C:\Users\jianghong1972\Desktop\BLOG\blog\target\classes started by jianghong1972 in C:\Users\jianghong1972\Desktop\BLOG\blog)
2021-02-17 23:24:14.575 [restartedMain] INFO  com.yu.BlogApplication - The following profiles are active: dev
2021-02-17 23:24:14.673 [restartedMain] INFO  o.s.b.d.env.DevToolsPropertyDefaultsPostProcessor - Devtools property defaults active! Set 'spring.devtools.add-properties' to 'false' to disable
2021-02-17 23:24:14.674 [restartedMain] INFO  o.s.b.d.env.DevToolsPropertyDefaultsPostProcessor - For additional web related logging consider setting the 'logging.level.web' property to 'DEBUG'
2021-02-17 23:24:16.461 [restartedMain] INFO  o.s.d.r.config.RepositoryConfigurationDelegate - Bootstrapping Spring Data JPA repositories in DEFAULT mode.
2021-02-17 23:24:16.529 [restartedMain] INFO  o.s.d.r.config.RepositoryConfigurationDelegate - Finished Spring Data repository scanning in 37 ms. Found 0 JPA repository interfaces.
2021-02-17 23:24:18.393 [restartedMain] INFO  o.s.boot.web.embedded.tomcat.TomcatWebServer - Tomcat initialized with port(s): 8088 (http)
2021-02-17 23:24:18.411 [restartedMain] INFO  org.apache.coyote.http11.Http11NioProtocol - Initializing ProtocolHandler ["http-nio-8088"]
2021-02-17 23:24:18.412 [restartedMain] INFO  org.apache.catalina.core.StandardService - Starting service [Tomcat]
2021-02-17 23:24:18.413 [restartedMain] INFO  org.apache.catalina.core.StandardEngine - Starting Servlet engine: [Apache Tomcat/9.0.41]
2021-02-17 23:24:18.648 [restartedMain] INFO  o.a.c.core.ContainerBase.[Tomcat].[localhost].[/] - Initializing Spring embedded WebApplicationContext
2021-02-17 23:24:18.649 [restartedMain] INFO  o.s.b.w.s.c.ServletWebServerApplicationContext - Root WebApplicationContext: initialization completed in 3971 ms
2021-02-17 23:24:19.067 [restartedMain] INFO  org.hibernate.jpa.internal.util.LogHelper - HHH000204: Processing PersistenceUnitInfo [name: default]
2021-02-17 23:24:19.158 [restartedMain] INFO  org.hibernate.Version - HHH000412: Hibernate ORM core version 5.4.27.Final
2021-02-17 23:24:19.379 [restartedMain] INFO  org.hibernate.annotations.common.Version - HCANN000001: Hibernate Commons Annotations {5.1.2.Final}
2021-02-17 23:24:19.549 [restartedMain] INFO  com.zaxxer.hikari.HikariDataSource - HikariPool-1 - Starting...
2021-02-17 23:24:19.743 [restartedMain] INFO  com.zaxxer.hikari.HikariDataSource - HikariPool-1 - Start completed.
2021-02-17 23:24:19.772 [restartedMain] INFO  org.hibernate.dialect.Dialect - HHH000400: Using dialect: org.hibernate.dialect.MySQL55Dialect
2021-02-17 23:24:20.176 [restartedMain] INFO  o.h.e.t.jta.platform.internal.JtaPlatformInitiator - HHH000490: Using JtaPlatform implementation: [org.hibernate.engine.transaction.jta.platform.internal.NoJtaPlatform]
2021-02-17 23:24:20.204 [restartedMain] INFO  o.s.orm.jpa.LocalContainerEntityManagerFactoryBean - Initialized JPA EntityManagerFactory for persistence unit 'default'
2021-02-17 23:24:20.369 [restartedMain] INFO  o.s.b.d.autoconfigure.OptionalLiveReloadServer - LiveReload server is running on port 35729
2021-02-17 23:24:20.986 [restartedMain] INFO  o.s.scheduling.concurrent.ThreadPoolTaskExecutor - Initializing ExecutorService 'applicationTaskExecutor'
2021-02-17 23:24:21.218 [restartedMain] INFO  o.s.b.a.web.servlet.WelcomePageHandlerMapping - Adding welcome page template: index
2021-02-17 23:24:21.701 [restartedMain] INFO  org.apache.coyote.http11.Http11NioProtocol - Starting ProtocolHandler ["http-nio-8088"]
2021-02-17 23:24:21.730 [restartedMain] INFO  o.s.boot.web.embedded.tomcat.TomcatWebServer - Tomcat started on port(s): 8088 (http) with context path ''
2021-02-17 23:24:21.745 [restartedMain] INFO  com.yu.BlogApplication - Started BlogApplication in 9.035 seconds (JVM running for 13.192)
2021-02-17 23:24:21.943 [http-nio-8088-exec-1] INFO  o.a.c.core.ContainerBase.[Tomcat].[localhost].[/] - Initializing Spring DispatcherServlet 'dispatcherServlet'
2021-02-17 23:24:21.943 [http-nio-8088-exec-1] INFO  org.springframework.web.servlet.DispatcherServlet - Initializing Servlet 'dispatcherServlet'
2021-02-17 23:24:21.946 [http-nio-8088-exec-1] INFO  org.springframework.web.servlet.DispatcherServlet - Completed initialization in 2 ms
2021-02-17 23:24:22.101 [http-nio-8088-exec-1] INFO  com.yu.aspect.LogAspect - Request: LogAspect.RequestLog(url=http://localhost:8088/, ip=127.0.0.1, classMethod=com.yu.web.IndexController.index, args=[])
2021-02-17 23:24:22.117 [http-nio-8088-exec-1] INFO  com.yu.aspect.LogAspect - Result : index
2021-02-17 23:24:22.876 [http-nio-8088-exec-5] INFO  com.yu.aspect.LogAspect - Request: LogAspect.RequestLog(url=http://localhost:8088/, ip=0:0:0:0:0:0:0:1, classMethod=com.yu.web.IndexController.index, args=[])
2021-02-17 23:24:22.878 [http-nio-8088-exec-5] INFO  com.yu.aspect.LogAspect - Result : index
2021-02-17 23:28:47.343 [http-nio-8088-exec-4] INFO  com.yu.aspect.LogAspect - Request: LogAspect.RequestLog(url=http://localhost:8088/, ip=0:0:0:0:0:0:0:1, classMethod=com.yu.web.IndexController.index, args=[])
2021-02-17 23:28:47.344 [http-nio-8088-exec-4] INFO  com.yu.aspect.LogAspect - Result : index
2021-02-17 23:28:50.296 [http-nio-8088-exec-6] INFO  com.yu.aspect.LogAspect - Request: LogAspect.RequestLog(url=http://localhost:8088/, ip=0:0:0:0:0:0:0:1, classMethod=com.yu.web.IndexController.index, args=[])
2021-02-17 23:28:50.296 [http-nio-8088-exec-6] INFO  com.yu.aspect.LogAspect - Result : index
2021-02-17 23:37:56.099 [restartedMain] INFO  com.yu.BlogApplication - Starting BlogApplication using Java 1.8.0_202 on LAPTOP-203CHE85 with PID 16320 (C:\Users\jianghong1972\Desktop\BLOG\blog\target\classes started by jianghong1972 in C:\Users\jianghong1972\Desktop\BLOG\blog)
2021-02-17 23:37:56.166 [restartedMain] INFO  com.yu.BlogApplication - The following profiles are active: dev
2021-02-17 23:37:56.293 [restartedMain] INFO  o.s.b.d.env.DevToolsPropertyDefaultsPostProcessor - Devtools property defaults active! Set 'spring.devtools.add-properties' to 'false' to disable
2021-02-17 23:37:56.294 [restartedMain] INFO  o.s.b.d.env.DevToolsPropertyDefaultsPostProcessor - For additional web related logging consider setting the 'logging.level.web' property to 'DEBUG'
2021-02-17 23:37:57.662 [restartedMain] INFO  o.s.d.r.config.RepositoryConfigurationDelegate - Bootstrapping Spring Data JPA repositories in DEFAULT mode.
2021-02-17 23:37:57.696 [restartedMain] INFO  o.s.d.r.config.RepositoryConfigurationDelegate - Finished Spring Data repository scanning in 16 ms. Found 0 JPA repository interfaces.
2021-02-17 23:37:59.748 [restartedMain] INFO  o.s.boot.web.embedded.tomcat.TomcatWebServer - Tomcat initialized with port(s): 8088 (http)
2021-02-17 23:37:59.777 [restartedMain] INFO  org.apache.coyote.http11.Http11NioProtocol - Initializing ProtocolHandler ["http-nio-8088"]
2021-02-17 23:37:59.778 [restartedMain] INFO  org.apache.catalina.core.StandardService - Starting service [Tomcat]
2021-02-17 23:37:59.779 [restartedMain] INFO  org.apache.catalina.core.StandardEngine - Starting Servlet engine: [Apache Tomcat/9.0.41]
2021-02-17 23:38:00.128 [restartedMain] INFO  o.a.c.core.ContainerBase.[Tomcat].[localhost].[/] - Initializing Spring embedded WebApplicationContext
2021-02-17 23:38:00.129 [restartedMain] INFO  o.s.b.w.s.c.ServletWebServerApplicationContext - Root WebApplicationContext: initialization completed in 3831 ms
2021-02-17 23:38:00.727 [restartedMain] INFO  org.hibernate.jpa.internal.util.LogHelper - HHH000204: Processing PersistenceUnitInfo [name: default]
2021-02-17 23:38:00.828 [restartedMain] INFO  org.hibernate.Version - HHH000412: Hibernate ORM core version 5.4.27.Final
2021-02-17 23:38:01.079 [restartedMain] INFO  org.hibernate.annotations.common.Version - HCANN000001: Hibernate Commons Annotations {5.1.2.Final}
2021-02-17 23:38:01.306 [restartedMain] INFO  com.zaxxer.hikari.HikariDataSource - HikariPool-1 - Starting...
2021-02-17 23:38:01.515 [restartedMain] INFO  com.zaxxer.hikari.HikariDataSource - HikariPool-1 - Start completed.
2021-02-17 23:38:01.555 [restartedMain] INFO  org.hibernate.dialect.Dialect - HHH000400: Using dialect: org.hibernate.dialect.MySQL55Dialect
2021-02-17 23:38:02.010 [restartedMain] INFO  o.h.e.t.jta.platform.internal.JtaPlatformInitiator - HHH000490: Using JtaPlatform implementation: [org.hibernate.engine.transaction.jta.platform.internal.NoJtaPlatform]
2021-02-17 23:38:02.032 [restartedMain] INFO  o.s.orm.jpa.LocalContainerEntityManagerFactoryBean - Initialized JPA EntityManagerFactory for persistence unit 'default'
2021-02-17 23:38:02.173 [restartedMain] INFO  o.s.b.d.autoconfigure.OptionalLiveReloadServer - LiveReload server is running on port 35729
2021-02-17 23:38:02.874 [restartedMain] INFO  o.s.scheduling.concurrent.ThreadPoolTaskExecutor - Initializing ExecutorService 'applicationTaskExecutor'
2021-02-17 23:38:03.086 [restartedMain] INFO  o.s.b.a.web.servlet.WelcomePageHandlerMapping - Adding welcome page template: index
2021-02-17 23:38:03.772 [restartedMain] INFO  org.apache.coyote.http11.Http11NioProtocol - Starting ProtocolHandler ["http-nio-8088"]
2021-02-17 23:38:03.812 [restartedMain] INFO  o.s.boot.web.embedded.tomcat.TomcatWebServer - Tomcat started on port(s): 8088 (http) with context path ''
2021-02-17 23:38:03.829 [restartedMain] INFO  com.yu.BlogApplication - Started BlogApplication in 9.212 seconds (JVM running for 16.664)
2021-02-17 23:38:03.993 [http-nio-8088-exec-1] INFO  o.a.c.core.ContainerBase.[Tomcat].[localhost].[/] - Initializing Spring DispatcherServlet 'dispatcherServlet'
2021-02-17 23:38:03.996 [http-nio-8088-exec-1] INFO  org.springframework.web.servlet.DispatcherServlet - Initializing Servlet 'dispatcherServlet'
2021-02-17 23:38:03.997 [http-nio-8088-exec-1] INFO  org.springframework.web.servlet.DispatcherServlet - Completed initialization in 1 ms
2021-02-17 23:38:04.199 [http-nio-8088-exec-1] INFO  com.yu.aspect.LogAspect - Request: LogAspect.RequestLog(url=http://localhost:8088/blog, ip=0:0:0:0:0:0:0:1, classMethod=com.yu.web.IndexController.blog, args=[])
2021-02-17 23:38:04.241 [http-nio-8088-exec-1] INFO  com.yu.aspect.LogAspect - Result : blog
2021-02-17 23:43:29.674 [restartedMain] INFO  com.yu.BlogApplication - Starting BlogApplication using Java 1.8.0_202 on LAPTOP-203CHE85 with PID 9124 (C:\Users\jianghong1972\Desktop\BLOG\blog\target\classes started by jianghong1972 in C:\Users\jianghong1972\Desktop\BLOG\blog)
2021-02-17 23:43:29.727 [restartedMain] INFO  com.yu.BlogApplication - The following profiles are active: dev
2021-02-17 23:43:29.859 [restartedMain] INFO  o.s.b.d.env.DevToolsPropertyDefaultsPostProcessor - Devtools property defaults active! Set 'spring.devtools.add-properties' to 'false' to disable
2021-02-17 23:43:29.860 [restartedMain] INFO  o.s.b.d.env.DevToolsPropertyDefaultsPostProcessor - For additional web related logging consider setting the 'logging.level.web' property to 'DEBUG'
2021-02-17 23:43:31.087 [restartedMain] INFO  o.s.d.r.config.RepositoryConfigurationDelegate - Bootstrapping Spring Data JPA repositories in DEFAULT mode.
2021-02-17 23:43:31.115 [restartedMain] INFO  o.s.d.r.config.RepositoryConfigurationDelegate - Finished Spring Data repository scanning in 16 ms. Found 0 JPA repository interfaces.
2021-02-17 23:43:32.112 [restartedMain] INFO  o.s.boot.web.embedded.tomcat.TomcatWebServer - Tomcat initialized with port(s): 8088 (http)
2021-02-17 23:43:32.122 [restartedMain] INFO  org.apache.coyote.http11.Http11NioProtocol - Initializing ProtocolHandler ["http-nio-8088"]
2021-02-17 23:43:32.123 [restartedMain] INFO  org.apache.catalina.core.StandardService - Starting service [Tomcat]
2021-02-17 23:43:32.123 [restartedMain] INFO  org.apache.catalina.core.StandardEngine - Starting Servlet engine: [Apache Tomcat/9.0.41]
2021-02-17 23:43:32.269 [restartedMain] INFO  o.a.c.core.ContainerBase.[Tomcat].[localhost].[/] - Initializing Spring embedded WebApplicationContext
2021-02-17 23:43:32.269 [restartedMain] INFO  o.s.b.w.s.c.ServletWebServerApplicationContext - Root WebApplicationContext: initialization completed in 2407 ms
2021-02-17 23:43:32.554 [restartedMain] INFO  org.hibernate.jpa.internal.util.LogHelper - HHH000204: Processing PersistenceUnitInfo [name: default]
2021-02-17 23:43:32.612 [restartedMain] INFO  org.hibernate.Version - HHH000412: Hibernate ORM core version 5.4.27.Final
2021-02-17 23:43:32.771 [restartedMain] INFO  org.hibernate.annotations.common.Version - HCANN000001: Hibernate Commons Annotations {5.1.2.Final}
2021-02-17 23:43:32.890 [restartedMain] INFO  com.zaxxer.hikari.HikariDataSource - HikariPool-1 - Starting...
2021-02-17 23:43:33.017 [restartedMain] INFO  com.zaxxer.hikari.HikariDataSource - HikariPool-1 - Start completed.
2021-02-17 23:43:33.040 [restartedMain] INFO  org.hibernate.dialect.Dialect - HHH000400: Using dialect: org.hibernate.dialect.MySQL55Dialect
2021-02-17 23:43:33.291 [restartedMain] INFO  o.h.e.t.jta.platform.internal.JtaPlatformInitiator - HHH000490: Using JtaPlatform implementation: [org.hibernate.engine.transaction.jta.platform.internal.NoJtaPlatform]
2021-02-17 23:43:33.305 [restartedMain] INFO  o.s.orm.jpa.LocalContainerEntityManagerFactoryBean - Initialized JPA EntityManagerFactory for persistence unit 'default'
2021-02-17 23:43:33.383 [restartedMain] INFO  o.s.b.d.autoconfigure.OptionalLiveReloadServer - LiveReload server is running on port 35729
2021-02-17 23:43:33.763 [restartedMain] INFO  o.s.scheduling.concurrent.ThreadPoolTaskExecutor - Initializing ExecutorService 'applicationTaskExecutor'
2021-02-17 23:43:33.885 [restartedMain] INFO  o.s.b.a.web.servlet.WelcomePageHandlerMapping - Adding welcome page template: index
2021-02-17 23:43:34.189 [restartedMain] INFO  org.apache.coyote.http11.Http11NioProtocol - Starting ProtocolHandler ["http-nio-8088"]
2021-02-17 23:43:34.208 [restartedMain] INFO  o.s.boot.web.embedded.tomcat.TomcatWebServer - Tomcat started on port(s): 8088 (http) with context path ''
2021-02-17 23:43:34.217 [restartedMain] INFO  com.yu.BlogApplication - Started BlogApplication in 6.497 seconds (JVM running for 10.0)
2021-02-17 23:43:42.720 [http-nio-8088-exec-1] INFO  o.a.c.core.ContainerBase.[Tomcat].[localhost].[/] - Initializing Spring DispatcherServlet 'dispatcherServlet'
2021-02-17 23:43:42.721 [http-nio-8088-exec-1] INFO  org.springframework.web.servlet.DispatcherServlet - Initializing Servlet 'dispatcherServlet'
2021-02-17 23:43:42.722 [http-nio-8088-exec-1] INFO  org.springframework.web.servlet.DispatcherServlet - Completed initialization in 1 ms
2021-02-17 23:44:37.789 [restartedMain] INFO  com.yu.BlogApplication - Starting BlogApplication using Java 1.8.0_202 on LAPTOP-203CHE85 with PID 20120 (C:\Users\jianghong1972\Desktop\BLOG\blog\target\classes started by jianghong1972 in C:\Users\jianghong1972\Desktop\BLOG\blog)
2021-02-17 23:44:37.808 [restartedMain] INFO  com.yu.BlogApplication - The following profiles are active: dev
2021-02-17 23:44:37.890 [restartedMain] INFO  o.s.b.d.env.DevToolsPropertyDefaultsPostProcessor - Devtools property defaults active! Set 'spring.devtools.add-properties' to 'false' to disable
2021-02-17 23:44:37.891 [restartedMain] INFO  o.s.b.d.env.DevToolsPropertyDefaultsPostProcessor - For additional web related logging consider setting the 'logging.level.web' property to 'DEBUG'
2021-02-17 23:44:38.633 [restartedMain] INFO  o.s.d.r.config.RepositoryConfigurationDelegate - Bootstrapping Spring Data JPA repositories in DEFAULT mode.
2021-02-17 23:44:38.652 [restartedMain] INFO  o.s.d.r.config.RepositoryConfigurationDelegate - Finished Spring Data repository scanning in 9 ms. Found 0 JPA repository interfaces.
2021-02-17 23:44:40.092 [restartedMain] INFO  o.s.boot.web.embedded.tomcat.TomcatWebServer - Tomcat initialized with port(s): 8088 (http)
2021-02-17 23:44:40.113 [restartedMain] INFO  org.apache.coyote.http11.Http11NioProtocol - Initializing ProtocolHandler ["http-nio-8088"]
2021-02-17 23:44:40.115 [restartedMain] INFO  org.apache.catalina.core.StandardService - Starting service [Tomcat]
2021-02-17 23:44:40.116 [restartedMain] INFO  org.apache.catalina.core.StandardEngine - Starting Servlet engine: [Apache Tomcat/9.0.41]
2021-02-17 23:44:40.446 [restartedMain] INFO  o.a.c.core.ContainerBase.[Tomcat].[localhost].[/] - Initializing Spring embedded WebApplicationContext
2021-02-17 23:44:40.447 [restartedMain] INFO  o.s.b.w.s.c.ServletWebServerApplicationContext - Root WebApplicationContext: initialization completed in 2555 ms
2021-02-17 23:44:40.956 [restartedMain] INFO  org.hibernate.jpa.internal.util.LogHelper - HHH000204: Processing PersistenceUnitInfo [name: default]
2021-02-17 23:44:41.018 [restartedMain] INFO  org.hibernate.Version - HHH000412: Hibernate ORM core version 5.4.27.Final
2021-02-17 23:44:41.210 [restartedMain] INFO  org.hibernate.annotations.common.Version - HCANN000001: Hibernate Commons Annotations {5.1.2.Final}
2021-02-17 23:44:41.400 [restartedMain] INFO  com.zaxxer.hikari.HikariDataSource - HikariPool-1 - Starting...
2021-02-17 23:44:41.587 [restartedMain] INFO  com.zaxxer.hikari.HikariDataSource - HikariPool-1 - Start completed.
2021-02-17 23:44:41.622 [restartedMain] INFO  org.hibernate.dialect.Dialect - HHH000400: Using dialect: org.hibernate.dialect.MySQL55Dialect
2021-02-17 23:44:41.925 [restartedMain] INFO  o.h.e.t.jta.platform.internal.JtaPlatformInitiator - HHH000490: Using JtaPlatform implementation: [org.hibernate.engine.transaction.jta.platform.internal.NoJtaPlatform]
2021-02-17 23:44:41.939 [restartedMain] INFO  o.s.orm.jpa.LocalContainerEntityManagerFactoryBean - Initialized JPA EntityManagerFactory for persistence unit 'default'
2021-02-17 23:44:42.023 [restartedMain] INFO  o.s.b.d.autoconfigure.OptionalLiveReloadServer - LiveReload server is running on port 35729
2021-02-17 23:44:42.458 [restartedMain] INFO  o.s.scheduling.concurrent.ThreadPoolTaskExecutor - Initializing ExecutorService 'applicationTaskExecutor'
2021-02-17 23:44:42.585 [restartedMain] INFO  o.s.b.a.web.servlet.WelcomePageHandlerMapping - Adding welcome page template: index
2021-02-17 23:44:42.915 [restartedMain] INFO  org.apache.coyote.http11.Http11NioProtocol - Starting ProtocolHandler ["http-nio-8088"]
2021-02-17 23:44:42.936 [restartedMain] INFO  o.s.boot.web.embedded.tomcat.TomcatWebServer - Tomcat started on port(s): 8088 (http) with context path ''
2021-02-17 23:44:42.945 [restartedMain] INFO  com.yu.BlogApplication - Started BlogApplication in 5.859 seconds (JVM running for 8.541)
2021-02-17 23:44:45.834 [http-nio-8088-exec-1] INFO  o.a.c.core.ContainerBase.[Tomcat].[localhost].[/] - Initializing Spring DispatcherServlet 'dispatcherServlet'
2021-02-17 23:44:45.834 [http-nio-8088-exec-1] INFO  org.springframework.web.servlet.DispatcherServlet - Initializing Servlet 'dispatcherServlet'
2021-02-17 23:44:45.835 [http-nio-8088-exec-1] INFO  org.springframework.web.servlet.DispatcherServlet - Completed initialization in 0 ms
